<?xml version="1.0" encoding="UTF-8"?>
<testng-results skipped="0" failed="0" ignored="0" total="1" passed="1">
  <reporter-output>
  </reporter-output>
  <suite name="Default suite" duration-ms="47376" started-at="2019-06-25T02:10:46Z" finished-at="2019-06-25T02:11:33Z">
    <groups>
    </groups>
    <test name="Default test" duration-ms="47376" started-at="2019-06-25T02:10:46Z" finished-at="2019-06-25T02:11:33Z">
      <class name="India.Gmail.GmailLogin">
        <test-method status="PASS" signature="f()[pri:0, instance:India.Gmail.GmailLogin@5e3a8624]" name="f" duration-ms="47329" started-at="2019-06-25T02:10:46Z" finished-at="2019-06-25T02:11:33Z">
          <reporter-output>
          </reporter-output>
        </test-method> <!-- f -->
      </class> <!-- India.Gmail.GmailLogin -->
    </test> <!-- Default test -->
  </suite> <!-- Default suite -->
</testng-results>
